[debug] [2026-03-16T14:38:08.682Z] ----------------------------------------------------------------------
[debug] [2026-03-16T14:38:08.684Z] Command:       C:\Program Files\nodejs\node.exe C:\Users\danie\AppData\Roaming\npm\node_modules\firebase-tools\lib\bin\firebase.js init
[debug] [2026-03-16T14:38:08.685Z] CLI Version:   15.10.0
[debug] [2026-03-16T14:38:08.685Z] Platform:      win32
[debug] [2026-03-16T14:38:08.685Z] Node Version:  v24.13.1
[debug] [2026-03-16T14:38:08.685Z] Time:          Mon Mar 16 2026 15:38:08 GMT+0100 (hora estándar de Europa central)
[debug] [2026-03-16T14:38:08.686Z] ----------------------------------------------------------------------
[debug] 
[info] 
     ######## #### ########  ######## ########     ###     ######  ########
     ##        ##  ##     ## ##       ##     ##  ##   ##  ##       ##
     ######    ##  ########  ######   ########  #########  ######  ######
     ##        ##  ##    ##  ##       ##     ## ##     ##       ## ##
     ##       #### ##     ## ######## ########  ##     ##  ######  ########

You're about to initialize a Firebase project in this directory:

  C:\Users\danie\OneDrive\Documentos\GitHub\chukipu

[info] 
=== Project Setup
[info] 
[info] First, let's associate this project directory with a Firebase project.
[info] You can create multiple project aliases by running firebase use --add, 
[info] 
[debug] [2026-03-16T14:39:35.902Z] > command requires scopes: ["email","openid","https://www.googleapis.com/auth/cloudplatformprojects.readonly","https://www.googleapis.com/auth/firebase","https://www.googleapis.com/auth/cloud-platform"]
[debug] [2026-03-16T14:39:35.903Z] > authorizing via signed-in user (chukipu.dev@gmail.com)
[debug] [2026-03-16T14:39:35.903Z] Checked if tokens are valid: true, expires at: 1773674599477
[debug] [2026-03-16T14:39:35.903Z] Checked if tokens are valid: true, expires at: 1773674599477
[debug] [2026-03-16T14:39:35.904Z] >>> [apiv2][query] GET https://firebase.googleapis.com/v1beta1/projects/chukipu-e3d05 [none]
[debug] [2026-03-16T14:39:36.256Z] <<< [apiv2][status] GET https://firebase.googleapis.com/v1beta1/projects/chukipu-e3d05 200
[debug] [2026-03-16T14:39:36.256Z] <<< [apiv2][body] GET https://firebase.googleapis.com/v1beta1/projects/chukipu-e3d05 {"projectId":"chukipu-e3d05","projectNumber":"848366529631","displayName":"chukipu","name":"projects/chukipu-e3d05","resources":{"hostingSite":"chukipu-e3d05","realtimeDatabaseInstance":"chukipu-e3d05-default-rtdb"},"state":"ACTIVE","etag":"1_7637f931-f701-4082-a4ad-9604bcdd935c"}
[info] i  Using project chukipu-e3d05 (chukipu) . 
[info] 
=== Hosting Setup
[info] 
[info] 
=== App Hosting Setup
[debug] [2026-03-16T14:39:51.689Z] Checked if tokens are valid: true, expires at: 1773674599477
[debug] [2026-03-16T14:39:51.689Z] Checked if tokens are valid: true, expires at: 1773674599477
[debug] [2026-03-16T14:39:51.689Z] >>> [apiv2][query] GET https://cloudbilling.googleapis.com/v1/projects/chukipu-e3d05/billingInfo [none]
[debug] [2026-03-16T14:39:52.465Z] <<< [apiv2][status] GET https://cloudbilling.googleapis.com/v1/projects/chukipu-e3d05/billingInfo 200
[debug] [2026-03-16T14:39:52.465Z] <<< [apiv2][body] GET https://cloudbilling.googleapis.com/v1/projects/chukipu-e3d05/billingInfo {"name":"projects/chukipu-e3d05/billingInfo","projectId":"chukipu-e3d05","billingAccountName":"billingAccounts/0187F1-A9DFD0-FC78E3","billingEnabled":true}
[debug] [2026-03-16T14:39:52.467Z] Checked if tokens are valid: true, expires at: 1773674599477
[debug] [2026-03-16T14:39:52.467Z] Checked if tokens are valid: true, expires at: 1773674599477
[debug] [2026-03-16T14:39:52.467Z] >>> [apiv2][query] POST https://iam.googleapis.com/v1/projects/chukipu-e3d05/serviceAccounts/firebase-app-hosting-compute@chukipu-e3d05.iam.gserviceaccount.com:testIamPermissions [none]
[debug] [2026-03-16T14:39:52.467Z] >>> [apiv2][(partial)header] POST https://iam.googleapis.com/v1/projects/chukipu-e3d05/serviceAccounts/firebase-app-hosting-compute@chukipu-e3d05.iam.gserviceaccount.com:testIamPermissions  x-goog-user-project=chukipu-e3d05
[debug] [2026-03-16T14:39:52.467Z] >>> [apiv2][body] POST https://iam.googleapis.com/v1/projects/chukipu-e3d05/serviceAccounts/firebase-app-hosting-compute@chukipu-e3d05.iam.gserviceaccount.com:testIamPermissions {"permissions":["iam.serviceAccounts.actAs"]}
[debug] [2026-03-16T14:39:53.125Z] <<< [apiv2][status] POST https://iam.googleapis.com/v1/projects/chukipu-e3d05/serviceAccounts/firebase-app-hosting-compute@chukipu-e3d05.iam.gserviceaccount.com:testIamPermissions 200
[debug] [2026-03-16T14:39:53.125Z] <<< [apiv2][body] POST https://iam.googleapis.com/v1/projects/chukipu-e3d05/serviceAccounts/firebase-app-hosting-compute@chukipu-e3d05.iam.gserviceaccount.com:testIamPermissions {"permissions":["iam.serviceAccounts.actAs"]}
[debug] [2026-03-16T14:39:53.125Z] Checked if tokens are valid: true, expires at: 1773674599477
[debug] [2026-03-16T14:39:53.125Z] Checked if tokens are valid: true, expires at: 1773674599477
[debug] [2026-03-16T14:39:53.125Z] >>> [apiv2][query] POST https://iam.googleapis.com/v1/projects/chukipu-e3d05/serviceAccounts [none]
[debug] [2026-03-16T14:39:53.126Z] >>> [apiv2][body] POST https://iam.googleapis.com/v1/projects/chukipu-e3d05/serviceAccounts {"accountId":"firebase-app-hosting-compute","serviceAccount":{"displayName":"Firebase App Hosting compute service account","description":"Default service account used to run builds and deploys for Firebase App Hosting"}}
[debug] [2026-03-16T14:39:53.873Z] <<< [apiv2][status] POST https://iam.googleapis.com/v1/projects/chukipu-e3d05/serviceAccounts 409
[debug] [2026-03-16T14:39:53.873Z] <<< [apiv2][body] POST https://iam.googleapis.com/v1/projects/chukipu-e3d05/serviceAccounts [omitted]
[debug] [2026-03-16T14:39:53.873Z] Checked if tokens are valid: true, expires at: 1773674599477
[debug] [2026-03-16T14:39:53.873Z] Checked if tokens are valid: true, expires at: 1773674599477
[debug] [2026-03-16T14:39:53.873Z] >>> [apiv2][query] POST https://cloudresourcemanager.googleapis.com/v1/projects/chukipu-e3d05:getIamPolicy [none]
[debug] [2026-03-16T14:39:54.693Z] <<< [apiv2][status] POST https://cloudresourcemanager.googleapis.com/v1/projects/chukipu-e3d05:getIamPolicy 200
[debug] [2026-03-16T14:39:54.694Z] <<< [apiv2][body] POST https://cloudresourcemanager.googleapis.com/v1/projects/chukipu-e3d05:getIamPolicy {"version":1,"etag":"BwZNJSL0B/Y=","bindings":[{"role":"roles/artifactregistry.serviceAgent","members":["serviceAccount:service-848366529631@gcp-sa-artifactregistry.iam.gserviceaccount.com"]},{"role":"roles/cloudbuild.builds.builder","members":["serviceAccount:848366529631@cloudbuild.gserviceaccount.com"]},{"role":"roles/cloudbuild.serviceAgent","members":["serviceAccount:service-848366529631@gcp-sa-cloudbuild.iam.gserviceaccount.com"]},{"role":"roles/containerregistry.ServiceAgent","members":["serviceAccount:service-848366529631@containerregistry.iam.gserviceaccount.com"]},{"role":"roles/developerconnect.readTokenAccessor","members":["serviceAccount:firebase-app-hosting-compute@chukipu-e3d05.iam.gserviceaccount.com"]},{"role":"roles/editor","members":["serviceAccount:848366529631-compute@developer.gserviceaccount.com"]},{"role":"roles/firebase.managementServiceAgent","members":["serviceAccount:service-848366529631@gcp-sa-firebase.iam.gserviceaccount.com"]},{"role":"roles/firebase.sdkAdminServiceAgent","members":["serviceAccount:firebase-adminsdk-fbsvc@chukipu-e3d05.iam.gserviceaccount.com","serviceAccount:firebase-app-hosting-compute@chukipu-e3d05.iam.gserviceaccount.com"]},{"role":"roles/firebaseapphosting.computeRunner","members":["serviceAccount:firebase-app-hosting-compute@chukipu-e3d05.iam.gserviceaccount.com"]},{"role":"roles/firebaseapphosting.serviceAgent","members":["serviceAccount:service-848366529631@gcp-sa-firebaseapphosting.iam.gserviceaccount.com"]},{"role":"roles/firebaseauth.admin","members":["serviceAccount:firebase-adminsdk-fbsvc@chukipu-e3d05.iam.gserviceaccount.com"]},{"role":"roles/firebasedatabase.admin","members":["serviceAccount:firebase-adminsdk-fbsvc@chukipu-e3d05.iam.gserviceaccount.com"]},{"role":"roles/firebaserules.system","members":["serviceAccount:service-848366529631@firebase-rules.iam.gserviceaccount.com"]},{"role":"roles/firebasestorage.serviceAgent","members":["serviceAccount:service-848366529631@gcp-sa-firebasestorage.iam.gserviceaccount.com"]},{"role":"roles/firestore.serviceAgent","members":["serviceAccount:service-848366529631@gcp-sa-firestore.iam.gserviceaccount.com"]},{"role":"roles/iam.serviceAccountTokenCreator","members":["serviceAccount:firebase-adminsdk-fbsvc@chukipu-e3d05.iam.gserviceaccount.com"]},{"role":"roles/owner","members":["user:chukipu.dev@gmail.com","user:sergioramosvicente2004@gmail.com"]},{"role":"roles/run.serviceAgent","members":["serviceAccount:service-848366529631@serverless-robot-prod.iam.gserviceaccount.com"]},{"role":"roles/storage.admin","members":["serviceAccount:firebase-adminsdk-fbsvc@chukipu-e3d05.iam.gserviceaccount.com"]},{"role":"roles/storage.objectViewer","members":["serviceAccount:firebase-app-hosting-compute@chukipu-e3d05.iam.gserviceaccount.com"]}]}
[debug] [2026-03-16T14:39:54.694Z] Checked if tokens are valid: true, expires at: 1773674599477
[debug] [2026-03-16T14:39:54.694Z] Checked if tokens are valid: true, expires at: 1773674599477
[debug] [2026-03-16T14:39:54.694Z] >>> [apiv2][query] POST https://cloudresourcemanager.googleapis.com/v1/projects/chukipu-e3d05:setIamPolicy [none]
[debug] [2026-03-16T14:39:54.694Z] >>> [apiv2][body] POST https://cloudresourcemanager.googleapis.com/v1/projects/chukipu-e3d05:setIamPolicy {"policy":{"version":1,"etag":"BwZNJSL0B/Y=","bindings":[{"role":"roles/artifactregistry.serviceAgent","members":["serviceAccount:service-848366529631@gcp-sa-artifactregistry.iam.gserviceaccount.com"]},{"role":"roles/cloudbuild.builds.builder","members":["serviceAccount:848366529631@cloudbuild.gserviceaccount.com"]},{"role":"roles/cloudbuild.serviceAgent","members":["serviceAccount:service-848366529631@gcp-sa-cloudbuild.iam.gserviceaccount.com"]},{"role":"roles/containerregistry.ServiceAgent","members":["serviceAccount:service-848366529631@containerregistry.iam.gserviceaccount.com"]},{"role":"roles/developerconnect.readTokenAccessor","members":["serviceAccount:firebase-app-hosting-compute@chukipu-e3d05.iam.gserviceaccount.com"]},{"role":"roles/editor","members":["serviceAccount:848366529631-compute@developer.gserviceaccount.com"]},{"role":"roles/firebase.managementServiceAgent","members":["serviceAccount:service-848366529631@gcp-sa-firebase.iam.gserviceaccount.com"]},{"role":"roles/firebase.sdkAdminServiceAgent","members":["serviceAccount:firebase-adminsdk-fbsvc@chukipu-e3d05.iam.gserviceaccount.com","serviceAccount:firebase-app-hosting-compute@chukipu-e3d05.iam.gserviceaccount.com"]},{"role":"roles/firebaseapphosting.computeRunner","members":["serviceAccount:firebase-app-hosting-compute@chukipu-e3d05.iam.gserviceaccount.com"]},{"role":"roles/firebaseapphosting.serviceAgent","members":["serviceAccount:service-848366529631@gcp-sa-firebaseapphosting.iam.gserviceaccount.com"]},{"role":"roles/firebaseauth.admin","members":["serviceAccount:firebase-adminsdk-fbsvc@chukipu-e3d05.iam.gserviceaccount.com"]},{"role":"roles/firebasedatabase.admin","members":["serviceAccount:firebase-adminsdk-fbsvc@chukipu-e3d05.iam.gserviceaccount.com"]},{"role":"roles/firebaserules.system","members":["serviceAccount:service-848366529631@firebase-rules.iam.gserviceaccount.com"]},{"role":"roles/firebasestorage.serviceAgent","members":["serviceAccount:service-848366529631@gcp-sa-firebasestorage.iam.gserviceaccount.com"]},{"role":"roles/firestore.serviceAgent","members":["serviceAccount:service-848366529631@gcp-sa-firestore.iam.gserviceaccount.com"]},{"role":"roles/iam.serviceAccountTokenCreator","members":["serviceAccount:firebase-adminsdk-fbsvc@chukipu-e3d05.iam.gserviceaccount.com"]},{"role":"roles/owner","members":["user:chukipu.dev@gmail.com","user:sergioramosvicente2004@gmail.com"]},{"role":"roles/run.serviceAgent","members":["serviceAccount:service-848366529631@serverless-robot-prod.iam.gserviceaccount.com"]},{"role":"roles/storage.admin","members":["serviceAccount:firebase-adminsdk-fbsvc@chukipu-e3d05.iam.gserviceaccount.com"]},{"role":"roles/storage.objectViewer","members":["serviceAccount:firebase-app-hosting-compute@chukipu-e3d05.iam.gserviceaccount.com"]}]},"updateMask":"bindings"}
[debug] [2026-03-16T14:39:55.713Z] <<< [apiv2][status] POST https://cloudresourcemanager.googleapis.com/v1/projects/chukipu-e3d05:setIamPolicy 200
[debug] [2026-03-16T14:39:55.714Z] <<< [apiv2][body] POST https://cloudresourcemanager.googleapis.com/v1/projects/chukipu-e3d05:setIamPolicy {"version":1,"etag":"BwZNJTEnE/Y=","bindings":[{"role":"roles/artifactregistry.serviceAgent","members":["serviceAccount:service-848366529631@gcp-sa-artifactregistry.iam.gserviceaccount.com"]},{"role":"roles/cloudbuild.builds.builder","members":["serviceAccount:848366529631@cloudbuild.gserviceaccount.com"]},{"role":"roles/cloudbuild.serviceAgent","members":["serviceAccount:service-848366529631@gcp-sa-cloudbuild.iam.gserviceaccount.com"]},{"role":"roles/containerregistry.ServiceAgent","members":["serviceAccount:service-848366529631@containerregistry.iam.gserviceaccount.com"]},{"role":"roles/developerconnect.readTokenAccessor","members":["serviceAccount:firebase-app-hosting-compute@chukipu-e3d05.iam.gserviceaccount.com"]},{"role":"roles/editor","members":["serviceAccount:848366529631-compute@developer.gserviceaccount.com"]},{"role":"roles/firebase.managementServiceAgent","members":["serviceAccount:service-848366529631@gcp-sa-firebase.iam.gserviceaccount.com"]},{"role":"roles/firebase.sdkAdminServiceAgent","members":["serviceAccount:firebase-adminsdk-fbsvc@chukipu-e3d05.iam.gserviceaccount.com","serviceAccount:firebase-app-hosting-compute@chukipu-e3d05.iam.gserviceaccount.com"]},{"role":"roles/firebaseapphosting.computeRunner","members":["serviceAccount:firebase-app-hosting-compute@chukipu-e3d05.iam.gserviceaccount.com"]},{"role":"roles/firebaseapphosting.serviceAgent","members":["serviceAccount:service-848366529631@gcp-sa-firebaseapphosting.iam.gserviceaccount.com"]},{"role":"roles/firebaseauth.admin","members":["serviceAccount:firebase-adminsdk-fbsvc@chukipu-e3d05.iam.gserviceaccount.com"]},{"role":"roles/firebasedatabase.admin","members":["serviceAccount:firebase-adminsdk-fbsvc@chukipu-e3d05.iam.gserviceaccount.com"]},{"role":"roles/firebaserules.system","members":["serviceAccount:service-848366529631@firebase-rules.iam.gserviceaccount.com"]},{"role":"roles/firebasestorage.serviceAgent","members":["serviceAccount:service-848366529631@gcp-sa-firebasestorage.iam.gserviceaccount.com"]},{"role":"roles/firestore.serviceAgent","members":["serviceAccount:service-848366529631@gcp-sa-firestore.iam.gserviceaccount.com"]},{"role":"roles/iam.serviceAccountTokenCreator","members":["serviceAccount:firebase-adminsdk-fbsvc@chukipu-e3d05.iam.gserviceaccount.com"]},{"role":"roles/owner","members":["user:chukipu.dev@gmail.com","user:sergioramosvicente2004@gmail.com"]},{"role":"roles/run.serviceAgent","members":["serviceAccount:service-848366529631@serverless-robot-prod.iam.gserviceaccount.com"]},{"role":"roles/storage.admin","members":["serviceAccount:firebase-adminsdk-fbsvc@chukipu-e3d05.iam.gserviceaccount.com"]},{"role":"roles/storage.objectViewer","members":["serviceAccount:firebase-app-hosting-compute@chukipu-e3d05.iam.gserviceaccount.com"]}]}
[info] i  This command links your local project to Firebase App Hosting. You will be able to deploy your web app with `firebase deploy` after setup. 
[debug] [2026-03-16T14:40:13.025Z] ExitPromptError: User force closed the prompt with SIGINT
    at Interface.sigint (C:\Users\danie\AppData\Roaming\npm\node_modules\firebase-tools\node_modules\@inquirer\core\dist\commonjs\lib\create-prompt.js:101:37)
    at Interface.emit (node:events:508:28)
    at [_ttyWrite] [as _ttyWrite] (node:internal/readline/interface:1327:18)
    at ReadStream.onkeypress (node:internal/readline/interface:284:20)
    at ReadStream.emit (node:events:520:35)
    at emitKeys (node:internal/readline/utils:371:14)
    at emitKeys.next (<anonymous>)
    at ReadStream.onData (node:internal/readline/emitKeypressEvents:64:36)
    at ReadStream.emit (node:events:508:28)
    at addChunk (node:internal/streams/readable:559:12)
[error] 
[error] Error: An unexpected error has occurred.
[debug] [2026-03-16T14:40:18.011Z] ----------------------------------------------------------------------
[debug] [2026-03-16T14:40:18.013Z] Command:       C:\Program Files\nodejs\node.exe C:\Users\danie\AppData\Roaming\npm\node_modules\firebase-tools\lib\bin\firebase.js init
[debug] [2026-03-16T14:40:18.014Z] CLI Version:   15.10.0
[debug] [2026-03-16T14:40:18.014Z] Platform:      win32
[debug] [2026-03-16T14:40:18.014Z] Node Version:  v24.13.1
[debug] [2026-03-16T14:40:18.014Z] Time:          Mon Mar 16 2026 15:40:18 GMT+0100 (hora estándar de Europa central)
[debug] [2026-03-16T14:40:18.014Z] ----------------------------------------------------------------------
[debug] 
[info] 
     ######## #### ########  ######## ########     ###     ######  ########
     ##        ##  ##     ## ##       ##     ##  ##   ##  ##       ##
     ######    ##  ########  ######   ########  #########  ######  ######
     ##        ##  ##    ##  ##       ##     ## ##     ##       ## ##
     ##       #### ##     ## ######## ########  ##     ##  ######  ########

You're about to initialize a Firebase project in this directory:

  C:\Users\danie\OneDrive\Documentos\GitHub\chukipu

[info] 
=== Project Setup
[info] 
[info] First, let's associate this project directory with a Firebase project.
[info] You can create multiple project aliases by running firebase use --add, 
[info] 
[debug] [2026-03-16T14:40:33.211Z] > command requires scopes: ["email","openid","https://www.googleapis.com/auth/cloudplatformprojects.readonly","https://www.googleapis.com/auth/firebase","https://www.googleapis.com/auth/cloud-platform"]
[debug] [2026-03-16T14:40:33.211Z] > authorizing via signed-in user (chukipu.dev@gmail.com)
[debug] [2026-03-16T14:40:33.212Z] Checked if tokens are valid: true, expires at: 1773674599477
[debug] [2026-03-16T14:40:33.212Z] Checked if tokens are valid: true, expires at: 1773674599477
[debug] [2026-03-16T14:40:33.213Z] >>> [apiv2][query] GET https://firebase.googleapis.com/v1beta1/projects/chukipu-e3d05 [none]
[debug] [2026-03-16T14:40:33.538Z] <<< [apiv2][status] GET https://firebase.googleapis.com/v1beta1/projects/chukipu-e3d05 200
[debug] [2026-03-16T14:40:33.538Z] <<< [apiv2][body] GET https://firebase.googleapis.com/v1beta1/projects/chukipu-e3d05 {"projectId":"chukipu-e3d05","projectNumber":"848366529631","displayName":"chukipu","name":"projects/chukipu-e3d05","resources":{"hostingSite":"chukipu-e3d05","realtimeDatabaseInstance":"chukipu-e3d05-default-rtdb"},"state":"ACTIVE","etag":"1_7637f931-f701-4082-a4ad-9604bcdd935c"}
[info] i  Using project chukipu-e3d05 (chukipu) . 
[info] 
=== Hosting Setup
[info] 
[debug] [2026-03-16T14:45:15.841Z] ExitPromptError: User force closed the prompt with SIGINT
    at Interface.sigint (C:\Users\danie\AppData\Roaming\npm\node_modules\firebase-tools\node_modules\@inquirer\core\dist\commonjs\lib\create-prompt.js:101:37)
    at Interface.emit (node:events:508:28)
    at [_ttyWrite] [as _ttyWrite] (node:internal/readline/interface:1327:18)
    at ReadStream.onkeypress (node:internal/readline/interface:284:20)
    at ReadStream.emit (node:events:520:35)
    at emitKeys (node:internal/readline/utils:371:14)
    at emitKeys.next (<anonymous>)
    at ReadStream.onData (node:internal/readline/emitKeypressEvents:64:36)
    at ReadStream.emit (node:events:508:28)
    at addChunk (node:internal/streams/readable:559:12)
[error] 
[error] Error: An unexpected error has occurred.
[debug] [2026-03-16T14:47:25.844Z] ----------------------------------------------------------------------
[debug] [2026-03-16T14:47:25.847Z] Command:       C:\Program Files\nodejs\node.exe C:\Users\danie\AppData\Roaming\npm\node_modules\firebase-tools\lib\bin\firebase.js init
[debug] [2026-03-16T14:47:25.848Z] CLI Version:   15.10.0
[debug] [2026-03-16T14:47:25.848Z] Platform:      win32
[debug] [2026-03-16T14:47:25.848Z] Node Version:  v24.13.1
[debug] [2026-03-16T14:47:25.848Z] Time:          Mon Mar 16 2026 15:47:25 GMT+0100 (hora estándar de Europa central)
[debug] [2026-03-16T14:47:25.848Z] ----------------------------------------------------------------------
[debug] 
[info] 
     ######## #### ########  ######## ########     ###     ######  ########
     ##        ##  ##     ## ##       ##     ##  ##   ##  ##       ##
     ######    ##  ########  ######   ########  #########  ######  ######
     ##        ##  ##    ##  ##       ##     ## ##     ##       ## ##
     ##       #### ##     ## ######## ########  ##     ##  ######  ########

You're about to initialize a Firebase project in this directory:

  C:\Users\danie\OneDrive\Documentos\GitHub\chukipu

Before we get started, keep in mind:

  * You are initializing within an existing Firebase project directory

[debug] [2026-03-16T14:48:16.474Z] ExitPromptError: User force closed the prompt with SIGINT
    at Interface.sigint (C:\Users\danie\AppData\Roaming\npm\node_modules\firebase-tools\node_modules\@inquirer\core\dist\commonjs\lib\create-prompt.js:101:37)
    at Interface.emit (node:events:508:28)
    at [_ttyWrite] [as _ttyWrite] (node:internal/readline/interface:1327:18)
    at ReadStream.onkeypress (node:internal/readline/interface:284:20)
    at ReadStream.emit (node:events:520:35)
    at emitKeys (node:internal/readline/utils:371:14)
    at emitKeys.next (<anonymous>)
    at ReadStream.onData (node:internal/readline/emitKeypressEvents:64:36)
    at ReadStream.emit (node:events:508:28)
    at addChunk (node:internal/streams/readable:559:12)
[error] 
[error] Error: An unexpected error has occurred.
